pkg_add.ads:26:30: error: this expression must be parenthesized
pkg_add.ads:26:38: error: missing operand
