example.ads:11:17: error: expected type "Standard.Boolean"
example.ads:11:17: error: found type "Standard.Integer"
example.ads:11:22: error: missing ")"
